<?xml version="1.0" encoding="UTF-8"?>
<testng-results skipped="0" failed="1" total="68" passed="67">
  <reporter-output>
  </reporter-output>
  <suite name="Command line suite" duration-ms="50" started-at="2016-01-05T21:58:23Z" finished-at="2016-01-05T21:58:23Z">
    <groups>
    </groups>
    <test name="Command line test" duration-ms="50" started-at="2016-01-05T21:58:23Z" finished-at="2016-01-05T21:58:23Z">
      <class name="computation.ComputationTest">
        <test-method status="PASS" signature="testConstructor(java.lang.String, java.lang.String, double, boolean, java.lang.String)" name="testConstructor" duration-ms="1" started-at="2016-01-05T21:58:23Z" finished-at="2016-01-05T21:58:23Z">
          <params>
            <param index="0">
              <value is-null="true"/>
            </param>
            <param index="1">
              <value>
                <![CDATA[[1,2,3]]]>
              </value>
            </param>
            <param index="2">
              <value>
                <![CDATA[0]]>
              </value>
            </param>
            <param index="3">
              <value>
                <![CDATA[true]]>
              </value>
            </param>
            <param index="4">
              <value>
                <![CDATA[Computation parameters cannot be null]]>
              </value>
            </param>
          </params>
        </test-method>
        <test-method status="PASS" signature="testConstructor(java.lang.String, java.lang.String, double, boolean, java.lang.String)" name="testConstructor" duration-ms="0" started-at="2016-01-05T21:58:23Z" finished-at="2016-01-05T21:58:23Z">
          <params>
            <param index="0">
              <value is-null="true"/>
            </param>
            <param index="1">
              <value is-null="true"/>
            </param>
            <param index="2">
              <value>
                <![CDATA[0]]>
              </value>
            </param>
            <param index="3">
              <value>
                <![CDATA[true]]>
              </value>
            </param>
            <param index="4">
              <value>
                <![CDATA[Computation parameters cannot be null]]>
              </value>
            </param>
          </params>
        </test-method>
        <test-method status="PASS" signature="testConstructor(java.lang.String, java.lang.String, double, boolean, java.lang.String)" name="testConstructor" duration-ms="0" started-at="2016-01-05T21:58:23Z" finished-at="2016-01-05T21:58:23Z">
          <params>
            <param index="0">
              <value>
                <![CDATA[ADD]]>
              </value>
            </param>
            <param index="1">
              <value is-null="true"/>
            </param>
            <param index="2">
              <value>
                <![CDATA[0]]>
              </value>
            </param>
            <param index="3">
              <value>
                <![CDATA[true]]>
              </value>
            </param>
            <param index="4">
              <value>
                <![CDATA[Computation parameters cannot be null]]>
              </value>
            </param>
          </params>
        </test-method>
        <test-method status="PASS" signature="testComputationString()" name="testComputationString" duration-ms="0" started-at="2016-01-05T21:58:23Z" finished-at="2016-01-05T21:58:23Z">
        </test-method>
        <test-method status="PASS" signature="testConstructor(java.lang.String, java.lang.String, double, boolean, java.lang.String)" name="testConstructor" duration-ms="0" started-at="2016-01-05T21:58:23Z" finished-at="2016-01-05T21:58:23Z">
          <params>
            <param index="0">
              <value is-null="true"/>
            </param>
            <param index="1">
              <value is-null="true"/>
            </param>
            <param index="2">
              <value>
                <![CDATA[1]]>
              </value>
            </param>
            <param index="3">
              <value>
                <![CDATA[true]]>
              </value>
            </param>
            <param index="4">
              <value>
                <![CDATA[Computation parameters cannot be null]]>
              </value>
            </param>
          </params>
        </test-method>
        <test-method status="PASS" signature="testGetResult()" name="testGetResult" duration-ms="0" started-at="2016-01-05T21:58:23Z" finished-at="2016-01-05T21:58:23Z">
        </test-method>
        <test-method status="PASS" signature="testConstructor(java.lang.String, java.lang.String, double, boolean, java.lang.String)" name="testConstructor" duration-ms="0" started-at="2016-01-05T21:58:23Z" finished-at="2016-01-05T21:58:23Z">
          <params>
            <param index="0">
              <value>
                <![CDATA[ADD]]>
              </value>
            </param>
            <param index="1">
              <value>
                <![CDATA[[1,2,3]]]>
              </value>
            </param>
            <param index="2">
              <value>
                <![CDATA[1]]>
              </value>
            </param>
            <param index="3">
              <value>
                <![CDATA[false]]>
              </value>
            </param>
            <param index="4">
              <value>
                <![CDATA[]]>
              </value>
            </param>
          </params>
        </test-method>
        <test-method status="PASS" signature="testGetName()" name="testGetName" duration-ms="0" started-at="2016-01-05T21:58:23Z" finished-at="2016-01-05T21:58:23Z">
        </test-method>
        <test-method status="PASS" signature="testGetNumberList()" name="testGetNumberList" duration-ms="0" started-at="2016-01-05T21:58:23Z" finished-at="2016-01-05T21:58:23Z">
        </test-method>
      </class>
      <class name="operation.MultOperationTest">
        <test-method status="PASS" signature="setUp()" name="setUp" is-config="true" duration-ms="0" started-at="2016-01-05T21:58:23Z" finished-at="2016-01-05T21:58:23Z">
        </test-method>
        <test-method status="PASS" signature="testMultiplyNegative()" name="testMultiplyNegative" duration-ms="0" started-at="2016-01-05T21:58:23Z" finished-at="2016-01-05T21:58:23Z">
        </test-method>
        <test-method status="PASS" signature="setUp()" name="setUp" is-config="true" duration-ms="0" started-at="2016-01-05T21:58:23Z" finished-at="2016-01-05T21:58:23Z">
        </test-method>
        <test-method status="PASS" signature="testEmptyList()" name="testEmptyList" duration-ms="0" started-at="2016-01-05T21:58:23Z" finished-at="2016-01-05T21:58:23Z">
        </test-method>
        <test-method status="PASS" signature="setUp()" name="setUp" is-config="true" duration-ms="0" started-at="2016-01-05T21:58:23Z" finished-at="2016-01-05T21:58:23Z">
        </test-method>
        <test-method status="PASS" signature="testMultiplyBoth()" name="testMultiplyBoth" duration-ms="0" started-at="2016-01-05T21:58:23Z" finished-at="2016-01-05T21:58:23Z">
        </test-method>
        <test-method status="PASS" signature="setUp()" name="setUp" is-config="true" duration-ms="0" started-at="2016-01-05T21:58:23Z" finished-at="2016-01-05T21:58:23Z">
        </test-method>
        <test-method status="PASS" signature="testMultiplyPositive()" name="testMultiplyPositive" duration-ms="0" started-at="2016-01-05T21:58:23Z" finished-at="2016-01-05T21:58:23Z">
        </test-method>
        <test-method status="PASS" signature="testValueSize()" name="testValueSize" duration-ms="0" started-at="2016-01-05T21:58:23Z" finished-at="2016-01-05T21:58:23Z">
        </test-method>
        <test-method status="PASS" signature="setUp()" name="setUp" is-config="true" duration-ms="0" started-at="2016-01-05T21:58:23Z" finished-at="2016-01-05T21:58:23Z">
        </test-method>
      </class>
      <class name="operation.AddOperationTest">
        <test-method status="PASS" signature="setUp()" name="setUp" is-config="true" duration-ms="1" started-at="2016-01-05T21:58:23Z" finished-at="2016-01-05T21:58:23Z">
        </test-method>
        <test-method status="PASS" signature="testAddBoth()" name="testAddBoth" duration-ms="0" started-at="2016-01-05T21:58:23Z" finished-at="2016-01-05T21:58:23Z">
        </test-method>
        <test-method status="PASS" signature="setUp()" name="setUp" is-config="true" duration-ms="0" started-at="2016-01-05T21:58:23Z" finished-at="2016-01-05T21:58:23Z">
        </test-method>
        <test-method status="PASS" signature="testAddPositives()" name="testAddPositives" duration-ms="0" started-at="2016-01-05T21:58:23Z" finished-at="2016-01-05T21:58:23Z">
        </test-method>
        <test-method status="PASS" signature="testAddNegatives()" name="testAddNegatives" duration-ms="0" started-at="2016-01-05T21:58:23Z" finished-at="2016-01-05T21:58:23Z">
        </test-method>
        <test-method status="PASS" signature="setUp()" name="setUp" is-config="true" duration-ms="1" started-at="2016-01-05T21:58:23Z" finished-at="2016-01-05T21:58:23Z">
        </test-method>
        <test-method status="PASS" signature="setUp()" name="setUp" is-config="true" duration-ms="0" started-at="2016-01-05T21:58:23Z" finished-at="2016-01-05T21:58:23Z">
        </test-method>
        <test-method status="PASS" signature="setUp()" name="setUp" is-config="true" duration-ms="0" started-at="2016-01-05T21:58:23Z" finished-at="2016-01-05T21:58:23Z">
        </test-method>
        <test-method status="PASS" signature="testEmptyNumberList()" name="testEmptyNumberList" duration-ms="0" started-at="2016-01-05T21:58:23Z" finished-at="2016-01-05T21:58:23Z">
        </test-method>
        <test-method status="PASS" signature="testNullList()" name="testNullList" duration-ms="0" started-at="2016-01-05T21:58:23Z" finished-at="2016-01-05T21:58:23Z">
        </test-method>
        <test-method status="PASS" signature="setUp()" name="setUp" is-config="true" duration-ms="0" started-at="2016-01-05T21:58:23Z" finished-at="2016-01-05T21:58:23Z">
        </test-method>
        <test-method status="PASS" signature="testValueSize()" name="testValueSize" duration-ms="0" started-at="2016-01-05T21:58:23Z" finished-at="2016-01-05T21:58:23Z">
        </test-method>
      </class>
      <class name="operation.SubOperationTest">
        <test-method status="PASS" signature="setUp()" name="setUp" is-config="true" duration-ms="1" started-at="2016-01-05T21:58:23Z" finished-at="2016-01-05T21:58:23Z">
        </test-method>
        <test-method status="PASS" signature="testNegativeNumbers()" name="testNegativeNumbers" duration-ms="1" started-at="2016-01-05T21:58:23Z" finished-at="2016-01-05T21:58:23Z">
        </test-method>
        <test-method status="PASS" signature="testBoth()" name="testBoth" duration-ms="0" started-at="2016-01-05T21:58:23Z" finished-at="2016-01-05T21:58:23Z">
        </test-method>
        <test-method status="PASS" signature="setUp()" name="setUp" is-config="true" duration-ms="0" started-at="2016-01-05T21:58:23Z" finished-at="2016-01-05T21:58:23Z">
        </test-method>
        <test-method status="PASS" signature="setUp()" name="setUp" is-config="true" duration-ms="0" started-at="2016-01-05T21:58:23Z" finished-at="2016-01-05T21:58:23Z">
        </test-method>
        <test-method status="PASS" signature="testEmptyList()" name="testEmptyList" duration-ms="0" started-at="2016-01-05T21:58:23Z" finished-at="2016-01-05T21:58:23Z">
        </test-method>
        <test-method status="PASS" signature="setUp()" name="setUp" is-config="true" duration-ms="0" started-at="2016-01-05T21:58:23Z" finished-at="2016-01-05T21:58:23Z">
        </test-method>
        <test-method status="PASS" signature="testPositiveNumbers()" name="testPositiveNumbers" duration-ms="0" started-at="2016-01-05T21:58:23Z" finished-at="2016-01-05T21:58:23Z">
        </test-method>
        <test-method status="PASS" signature="testValueSize()" name="testValueSize" duration-ms="0" started-at="2016-01-05T21:58:23Z" finished-at="2016-01-05T21:58:23Z">
        </test-method>
        <test-method status="PASS" signature="setUp()" name="setUp" is-config="true" duration-ms="0" started-at="2016-01-05T21:58:23Z" finished-at="2016-01-05T21:58:23Z">
        </test-method>
      </class>
      <class name="operation.SqrOperationTest">
        <test-method status="PASS" signature="setUp()" name="setUp" is-config="true" duration-ms="0" started-at="2016-01-05T21:58:23Z" finished-at="2016-01-05T21:58:23Z">
        </test-method>
        <test-method status="PASS" signature="testEmptyList()" name="testEmptyList" duration-ms="0" started-at="2016-01-05T21:58:23Z" finished-at="2016-01-05T21:58:23Z">
        </test-method>
        <test-method status="PASS" signature="setUp()" name="setUp" is-config="true" duration-ms="0" started-at="2016-01-05T21:58:23Z" finished-at="2016-01-05T21:58:23Z">
        </test-method>
        <test-method status="PASS" signature="testPositiveNumbers()" name="testPositiveNumbers" duration-ms="0" started-at="2016-01-05T21:58:23Z" finished-at="2016-01-05T21:58:23Z">
        </test-method>
        <test-method status="PASS" signature="testMoreThanOneElementList()" name="testMoreThanOneElementList" duration-ms="0" started-at="2016-01-05T21:58:23Z" finished-at="2016-01-05T21:58:23Z">
        </test-method>
        <test-method status="PASS" signature="testValueSize()" name="testValueSize" duration-ms="0" started-at="2016-01-05T21:58:23Z" finished-at="2016-01-05T21:58:23Z">
        </test-method>
        <test-method status="PASS" signature="testNegativeNumbers()" name="testNegativeNumbers" duration-ms="0" started-at="2016-01-05T21:58:23Z" finished-at="2016-01-05T21:58:23Z">
        </test-method>
        <test-method status="PASS" signature="setUp()" name="setUp" is-config="true" duration-ms="0" started-at="2016-01-05T21:58:23Z" finished-at="2016-01-05T21:58:23Z">
        </test-method>
        <test-method status="PASS" signature="setUp()" name="setUp" is-config="true" duration-ms="0" started-at="2016-01-05T21:58:23Z" finished-at="2016-01-05T21:58:23Z">
        </test-method>
        <test-method status="PASS" signature="setUp()" name="setUp" is-config="true" duration-ms="0" started-at="2016-01-05T21:58:23Z" finished-at="2016-01-05T21:58:23Z">
        </test-method>
      </class>
      <class name="calculator.CalculatorTest">
        <test-method status="PASS" signature="setUp()" name="setUp" is-config="true" duration-ms="7" started-at="2016-01-05T21:58:23Z" finished-at="2016-01-05T21:58:23Z">
        </test-method>
        <test-method status="PASS" signature="testBadCommand()" name="testBadCommand" duration-ms="3" started-at="2016-01-05T21:58:23Z" finished-at="2016-01-05T21:58:23Z">
        </test-method>
        <test-method status="PASS" signature="testExit()" name="testExit" duration-ms="0" started-at="2016-01-05T21:58:23Z" finished-at="2016-01-05T21:58:23Z">
        </test-method>
        <test-method status="PASS" signature="tearDown()" name="tearDown" is-config="true" duration-ms="0" started-at="2016-01-05T21:58:23Z" finished-at="2016-01-05T21:58:23Z">
        </test-method>
        <test-method status="PASS" signature="setUp()" name="setUp" is-config="true" duration-ms="0" started-at="2016-01-05T21:58:23Z" finished-at="2016-01-05T21:58:23Z">
        </test-method>
        <test-method status="PASS" signature="testNonInteger()" name="testNonInteger" duration-ms="2" started-at="2016-01-05T21:58:23Z" finished-at="2016-01-05T21:58:23Z">
        </test-method>
        <test-method status="PASS" signature="setUp()" name="setUp" is-config="true" duration-ms="0" started-at="2016-01-05T21:58:23Z" finished-at="2016-01-05T21:58:23Z">
        </test-method>
        <test-method status="PASS" signature="tearDown()" name="tearDown" is-config="true" duration-ms="0" started-at="2016-01-05T21:58:23Z" finished-at="2016-01-05T21:58:23Z">
        </test-method>
        <test-method status="PASS" signature="testNonIntegerSubstitution()" name="testNonIntegerSubstitution" duration-ms="1" started-at="2016-01-05T21:58:23Z" finished-at="2016-01-05T21:58:23Z">
        </test-method>
        <test-method status="PASS" signature="tearDown()" name="tearDown" is-config="true" duration-ms="0" started-at="2016-01-05T21:58:23Z" finished-at="2016-01-05T21:58:23Z">
        </test-method>
        <test-method status="PASS" signature="setUp()" name="setUp" is-config="true" duration-ms="0" started-at="2016-01-05T21:58:23Z" finished-at="2016-01-05T21:58:23Z">
        </test-method>
        <test-method status="PASS" signature="tearDown()" name="tearDown" is-config="true" duration-ms="0" started-at="2016-01-05T21:58:23Z" finished-at="2016-01-05T21:58:23Z">
        </test-method>
        <test-method status="PASS" signature="setUp()" name="setUp" is-config="true" duration-ms="0" started-at="2016-01-05T21:58:23Z" finished-at="2016-01-05T21:58:23Z">
        </test-method>
        <test-method status="PASS" signature="testStandardOperations([Ljava.lang.String;, [Ljava.lang.String;, int)" name="testStandardOperations" duration-ms="0" started-at="2016-01-05T21:58:23Z" finished-at="2016-01-05T21:58:23Z">
          <params>
            <param index="0">
              <value>
                <![CDATA[[Ljava.lang.String;@6f7fd0e6]]>
              </value>
            </param>
            <param index="1">
              <value>
                <![CDATA[[Ljava.lang.String;@47c62251]]>
              </value>
            </param>
            <param index="2">
              <value>
                <![CDATA[0]]>
              </value>
            </param>
          </params>
        </test-method>
        <test-method status="PASS" signature="tearDown()" name="tearDown" is-config="true" duration-ms="1" started-at="2016-01-05T21:58:23Z" finished-at="2016-01-05T21:58:23Z">
        </test-method>
        <test-method status="PASS" signature="setUp()" name="setUp" is-config="true" duration-ms="0" started-at="2016-01-05T21:58:23Z" finished-at="2016-01-05T21:58:23Z">
        </test-method>
        <test-method status="PASS" signature="testStandardOperations([Ljava.lang.String;, [Ljava.lang.String;, int)" name="testStandardOperations" duration-ms="1" started-at="2016-01-05T21:58:23Z" finished-at="2016-01-05T21:58:23Z">
          <params>
            <param index="0">
              <value>
                <![CDATA[[Ljava.lang.String;@3e6fa38a]]>
              </value>
            </param>
            <param index="1">
              <value>
                <![CDATA[[Ljava.lang.String;@66a3ffec]]>
              </value>
            </param>
            <param index="2">
              <value>
                <![CDATA[1]]>
              </value>
            </param>
          </params>
        </test-method>
        <test-method status="PASS" signature="setUp()" name="setUp" is-config="true" duration-ms="0" started-at="2016-01-05T21:58:23Z" finished-at="2016-01-05T21:58:23Z">
        </test-method>
        <test-method status="PASS" signature="tearDown()" name="tearDown" is-config="true" duration-ms="0" started-at="2016-01-05T21:58:23Z" finished-at="2016-01-05T21:58:23Z">
        </test-method>
        <test-method status="PASS" signature="testStandardOperations([Ljava.lang.String;, [Ljava.lang.String;, int)" name="testStandardOperations" duration-ms="1" started-at="2016-01-05T21:58:23Z" finished-at="2016-01-05T21:58:23Z">
          <params>
            <param index="0">
              <value>
                <![CDATA[[Ljava.lang.String;@77caeb3e]]>
              </value>
            </param>
            <param index="1">
              <value>
                <![CDATA[[Ljava.lang.String;@1e88b3c]]>
              </value>
            </param>
            <param index="2">
              <value>
                <![CDATA[2]]>
              </value>
            </param>
          </params>
        </test-method>
        <test-method status="PASS" signature="tearDown()" name="tearDown" is-config="true" duration-ms="0" started-at="2016-01-05T21:58:23Z" finished-at="2016-01-05T21:58:23Z">
        </test-method>
        <test-method status="PASS" signature="setUp()" name="setUp" is-config="true" duration-ms="1" started-at="2016-01-05T21:58:23Z" finished-at="2016-01-05T21:58:23Z">
        </test-method>
        <test-method status="PASS" signature="tearDown()" name="tearDown" is-config="true" duration-ms="0" started-at="2016-01-05T21:58:23Z" finished-at="2016-01-05T21:58:23Z">
        </test-method>
        <test-method status="PASS" signature="testStandardOperations([Ljava.lang.String;, [Ljava.lang.String;, int)" name="testStandardOperations" duration-ms="0" started-at="2016-01-05T21:58:23Z" finished-at="2016-01-05T21:58:23Z">
          <params>
            <param index="0">
              <value>
                <![CDATA[[Ljava.lang.String;@42d80b78]]>
              </value>
            </param>
            <param index="1">
              <value>
                <![CDATA[[Ljava.lang.String;@3bfdc050]]>
              </value>
            </param>
            <param index="2">
              <value>
                <![CDATA[3]]>
              </value>
            </param>
          </params>
        </test-method>
        <test-method status="FAIL" signature="testStandardOperations([Ljava.lang.String;, [Ljava.lang.String;, int)" name="testStandardOperations" duration-ms="1" started-at="2016-01-05T21:58:23Z" finished-at="2016-01-05T21:58:23Z">
          <params>
            <param index="0">
              <value>
                <![CDATA[[Ljava.lang.String;@4c70fda8]]>
              </value>
            </param>
            <param index="1">
              <value>
                <![CDATA[[Ljava.lang.String;@224edc67]]>
              </value>
            </param>
            <param index="2">
              <value>
                <![CDATA[5]]>
              </value>
            </param>
          </params>
          <exception class="java.lang.AssertionError">
            <message>
              <![CDATA[expected:<ADD [1.0, 2.0, 3.0] Answer: 6.0
SUB [3.0, 2.0, 1.0] Answer: 0.0
MULT [3.0, 2.0, 2.0] Answer: 12.0
DIV [6.0, 2.0, 3.0] Answer: 1.0
SQR [4.0] Answer: 16.0> but was:<SUB [2.0] Answer: 2.0
ADD [1.0, 2.0] Answer: 3.0
SUB [2.0] Answer: 2.0
ADD [1.0, 2.0, 3.0] Answer: 6.0
SUB [3.0, 2.0, 1.0] Answer: 0.0
MULT [3.0, 2.0, 2.0] Answer: 12.0
DIV [6.0, 2.0, 3.0] Answer: 1.0
SQR [4.0] Answer: 16.0>]]>
            </message>
            <full-stacktrace>
              <![CDATA[java.lang.AssertionError: expected:<ADD [1.0, 2.0, 3.0] Answer: 6.0
SUB [3.0, 2.0, 1.0] Answer: 0.0
MULT [3.0, 2.0, 2.0] Answer: 12.0
DIV [6.0, 2.0, 3.0] Answer: 1.0
SQR [4.0] Answer: 16.0> but was:<SUB [2.0] Answer: 2.0
ADD [1.0, 2.0] Answer: 3.0
SUB [2.0] Answer: 2.0
ADD [1.0, 2.0, 3.0] Answer: 6.0
SUB [3.0, 2.0, 1.0] Answer: 0.0
MULT [3.0, 2.0, 2.0] Answer: 12.0
DIV [6.0, 2.0, 3.0] Answer: 1.0
SQR [4.0] Answer: 16.0>
	at org.testng.Assert.fail(Assert.java:89)
	at org.testng.Assert.failNotEquals(Assert.java:489)
	at org.testng.Assert.assertEquals(Assert.java:118)
	at org.testng.Assert.assertEquals(Assert.java:171)
	at org.testng.Assert.assertEquals(Assert.java:181)
	at calculator.CalculatorTest.testStandardOperations(CalculatorTest.java:93)
	at sun.reflect.NativeMethodAccessorImpl.invoke0(Native Method)
	at sun.reflect.NativeMethodAccessorImpl.invoke(NativeMethodAccessorImpl.java:62)
	at sun.reflect.DelegatingMethodAccessorImpl.invoke(DelegatingMethodAccessorImpl.java:43)
	at java.lang.reflect.Method.invoke(Method.java:497)
	at org.testng.internal.MethodInvocationHelper.invokeMethod(MethodInvocationHelper.java:80)
	at org.testng.internal.Invoker.invokeMethod(Invoker.java:673)
	at org.testng.internal.Invoker.invokeTestMethod(Invoker.java:842)
	at org.testng.internal.Invoker.invokeTestMethods(Invoker.java:1166)
	at org.testng.internal.TestMethodWorker.invokeTestMethods(TestMethodWorker.java:125)
	at org.testng.internal.TestMethodWorker.run(TestMethodWorker.java:109)
	at org.testng.TestRunner.runWorkers(TestRunner.java:1178)
	at org.testng.TestRunner.privateRun(TestRunner.java:757)
	at org.testng.TestRunner.run(TestRunner.java:608)
	at org.testng.SuiteRunner.runTest(SuiteRunner.java:334)
	at org.testng.SuiteRunner.runSequentially(SuiteRunner.java:329)
	at org.testng.SuiteRunner.privateRun(SuiteRunner.java:291)
	at org.testng.SuiteRunner.run(SuiteRunner.java:240)
	at org.testng.SuiteRunnerWorker.runSuite(SuiteRunnerWorker.java:52)
	at org.testng.SuiteRunnerWorker.run(SuiteRunnerWorker.java:86)
	at org.testng.TestNG.runSuitesSequentially(TestNG.java:1158)
	at org.testng.TestNG.runSuitesLocally(TestNG.java:1083)
	at org.testng.TestNG.run(TestNG.java:999)
	at org.apache.maven.surefire.testng.TestNGExecutor.run(TestNGExecutor.java:77)
	at org.apache.maven.surefire.testng.TestNGDirectoryTestSuite.executeMulti(TestNGDirectoryTestSuite.java:159)
	at org.apache.maven.surefire.testng.TestNGDirectoryTestSuite.execute(TestNGDirectoryTestSuite.java:99)
	at org.apache.maven.surefire.testng.TestNGProvider.invoke(TestNGProvider.java:106)
	at sun.reflect.NativeMethodAccessorImpl.invoke0(Native Method)
	at sun.reflect.NativeMethodAccessorImpl.invoke(NativeMethodAccessorImpl.java:62)
	at sun.reflect.DelegatingMethodAccessorImpl.invoke(DelegatingMethodAccessorImpl.java:43)
	at java.lang.reflect.Method.invoke(Method.java:497)
	at org.apache.maven.surefire.util.ReflectionUtils.invokeMethodWithArray(ReflectionUtils.java:189)
	at org.apache.maven.surefire.booter.ProviderFactory$ProviderProxy.invoke(ProviderFactory.java:165)
	at org.apache.maven.surefire.booter.ProviderFactory.invokeProvider(ProviderFactory.java:85)
	at org.apache.maven.surefire.booter.ForkedBooter.runSuitesInProcess(ForkedBooter.java:115)
	at org.apache.maven.surefire.booter.ForkedBooter.main(ForkedBooter.java:75)
]]>
            </full-stacktrace>
          </exception>
        </test-method>
        <test-method status="PASS" signature="setUp()" name="setUp" is-config="true" duration-ms="0" started-at="2016-01-05T21:58:23Z" finished-at="2016-01-05T21:58:23Z">
        </test-method>
        <test-method status="PASS" signature="testStandardOperations([Ljava.lang.String;, [Ljava.lang.String;, int)" name="testStandardOperations" duration-ms="0" started-at="2016-01-05T21:58:23Z" finished-at="2016-01-05T21:58:23Z">
          <params>
            <param index="0">
              <value>
                <![CDATA[[Ljava.lang.String;@1bce4f0a]]>
              </value>
            </param>
            <param index="1">
              <value>
                <![CDATA[[Ljava.lang.String;@5e3a8624]]>
              </value>
            </param>
            <param index="2">
              <value>
                <![CDATA[4]]>
              </value>
            </param>
          </params>
        </test-method>
        <test-method status="PASS" signature="setUp()" name="setUp" is-config="true" duration-ms="0" started-at="2016-01-05T21:58:23Z" finished-at="2016-01-05T21:58:23Z">
        </test-method>
        <test-method status="PASS" signature="tearDown()" name="tearDown" is-config="true" duration-ms="0" started-at="2016-01-05T21:58:23Z" finished-at="2016-01-05T21:58:23Z">
        </test-method>
        <test-method status="PASS" signature="testSubstitutionOperations()" name="testSubstitutionOperations" duration-ms="1" started-at="2016-01-05T21:58:23Z" finished-at="2016-01-05T21:58:23Z">
        </test-method>
        <test-method status="PASS" signature="setUp()" name="setUp" is-config="true" duration-ms="0" started-at="2016-01-05T21:58:23Z" finished-at="2016-01-05T21:58:23Z">
        </test-method>
        <test-method status="PASS" signature="tearDown()" name="tearDown" is-config="true" duration-ms="0" started-at="2016-01-05T21:58:23Z" finished-at="2016-01-05T21:58:23Z">
        </test-method>
        <test-method status="PASS" signature="tearDown()" name="tearDown" is-config="true" duration-ms="0" started-at="2016-01-05T21:58:23Z" finished-at="2016-01-05T21:58:23Z">
        </test-method>
      </class>
      <class name="operation.DivOperationTest">
        <test-method status="PASS" signature="setUp()" name="setUp" is-config="true" duration-ms="0" started-at="2016-01-05T21:58:23Z" finished-at="2016-01-05T21:58:23Z">
        </test-method>
        <test-method status="PASS" signature="testDivideBoth()" name="testDivideBoth" duration-ms="1" started-at="2016-01-05T21:58:23Z" finished-at="2016-01-05T21:58:23Z">
        </test-method>
        <test-method status="PASS" signature="setUp()" name="setUp" is-config="true" duration-ms="0" started-at="2016-01-05T21:58:23Z" finished-at="2016-01-05T21:58:23Z">
        </test-method>
        <test-method status="PASS" signature="testDividePositives()" name="testDividePositives" duration-ms="0" started-at="2016-01-05T21:58:23Z" finished-at="2016-01-05T21:58:23Z">
        </test-method>
        <test-method status="PASS" signature="testValueSize()" name="testValueSize" duration-ms="1" started-at="2016-01-05T21:58:23Z" finished-at="2016-01-05T21:58:23Z">
        </test-method>
        <test-method status="PASS" signature="testDivideNegatives()" name="testDivideNegatives" duration-ms="0" started-at="2016-01-05T21:58:23Z" finished-at="2016-01-05T21:58:23Z">
        </test-method>
        <test-method status="PASS" signature="setUp()" name="setUp" is-config="true" duration-ms="0" started-at="2016-01-05T21:58:23Z" finished-at="2016-01-05T21:58:23Z">
        </test-method>
        <test-method status="PASS" signature="setUp()" name="setUp" is-config="true" duration-ms="0" started-at="2016-01-05T21:58:23Z" finished-at="2016-01-05T21:58:23Z">
        </test-method>
        <test-method status="PASS" signature="testEmptyList()" name="testEmptyList" duration-ms="0" started-at="2016-01-05T21:58:23Z" finished-at="2016-01-05T21:58:23Z">
        </test-method>
        <test-method status="PASS" signature="setUp()" name="setUp" is-config="true" duration-ms="0" started-at="2016-01-05T21:58:23Z" finished-at="2016-01-05T21:58:23Z">
        </test-method>
      </class>
      <class name="logger.LoggerTest">
        <test-method status="PASS" signature="testClearLogHistory()" name="testClearLogHistory" duration-ms="0" started-at="2016-01-05T21:58:23Z" finished-at="2016-01-05T21:58:23Z">
        </test-method>
        <test-method status="PASS" signature="tearDown()" name="tearDown" is-config="true" duration-ms="0" started-at="2016-01-05T21:58:23Z" finished-at="2016-01-05T21:58:23Z">
        </test-method>
        <test-method status="PASS" signature="setUp()" name="setUp" is-config="true" duration-ms="0" started-at="2016-01-05T21:58:23Z" finished-at="2016-01-05T21:58:23Z">
        </test-method>
        <test-method status="PASS" signature="testGetComputation([Lcomputation.Computation;, int, boolean, java.lang.String)" name="testGetComputation" duration-ms="1" started-at="2016-01-05T21:58:23Z" finished-at="2016-01-05T21:58:23Z">
          <params>
            <param index="0">
              <value>
                <![CDATA[[Lcomputation.Computation;@14acaea5]]>
              </value>
            </param>
            <param index="1">
              <value>
                <![CDATA[0]]>
              </value>
            </param>
            <param index="2">
              <value>
                <![CDATA[true]]>
              </value>
            </param>
            <param index="3">
              <value>
                <![CDATA[]]>
              </value>
            </param>
          </params>
        </test-method>
        <test-method status="PASS" signature="setUp()" name="setUp" is-config="true" duration-ms="0" started-at="2016-01-05T21:58:23Z" finished-at="2016-01-05T21:58:23Z">
        </test-method>
        <test-method status="PASS" signature="setUp()" name="setUp" is-config="true" duration-ms="0" started-at="2016-01-05T21:58:23Z" finished-at="2016-01-05T21:58:23Z">
        </test-method>
        <test-method status="PASS" signature="setUp()" name="setUp" is-config="true" duration-ms="0" started-at="2016-01-05T21:58:23Z" finished-at="2016-01-05T21:58:23Z">
        </test-method>
        <test-method status="PASS" signature="tearDown()" name="tearDown" is-config="true" duration-ms="0" started-at="2016-01-05T21:58:23Z" finished-at="2016-01-05T21:58:23Z">
        </test-method>
        <test-method status="PASS" signature="testGetComputation([Lcomputation.Computation;, int, boolean, java.lang.String)" name="testGetComputation" duration-ms="0" started-at="2016-01-05T21:58:23Z" finished-at="2016-01-05T21:58:23Z">
          <params>
            <param index="0">
              <value>
                <![CDATA[[Lcomputation.Computation;@46d56d67]]>
              </value>
            </param>
            <param index="1">
              <value>
                <![CDATA[1]]>
              </value>
            </param>
            <param index="2">
              <value>
                <![CDATA[true]]>
              </value>
            </param>
            <param index="3">
              <value>
                <![CDATA[]]>
              </value>
            </param>
          </params>
        </test-method>
        <test-method status="PASS" signature="tearDown()" name="tearDown" is-config="true" duration-ms="0" started-at="2016-01-05T21:58:23Z" finished-at="2016-01-05T21:58:23Z">
        </test-method>
        <test-method status="PASS" signature="testGetComputation([Lcomputation.Computation;, int, boolean, java.lang.String)" name="testGetComputation" duration-ms="0" started-at="2016-01-05T21:58:23Z" finished-at="2016-01-05T21:58:23Z">
          <params>
            <param index="0">
              <value>
                <![CDATA[[Lcomputation.Computation;@d8355a8]]>
              </value>
            </param>
            <param index="1">
              <value>
                <![CDATA[-1]]>
              </value>
            </param>
            <param index="2">
              <value>
                <![CDATA[true]]>
              </value>
            </param>
            <param index="3">
              <value>
                <![CDATA[]]>
              </value>
            </param>
          </params>
        </test-method>
        <test-method status="PASS" signature="tearDown()" name="tearDown" is-config="true" duration-ms="0" started-at="2016-01-05T21:58:23Z" finished-at="2016-01-05T21:58:23Z">
        </test-method>
        <test-method status="PASS" signature="testGetComputation([Lcomputation.Computation;, int, boolean, java.lang.String)" name="testGetComputation" duration-ms="0" started-at="2016-01-05T21:58:23Z" finished-at="2016-01-05T21:58:23Z">
          <params>
            <param index="0">
              <value>
                <![CDATA[[Lcomputation.Computation;@59fa1d9b]]>
              </value>
            </param>
            <param index="1">
              <value>
                <![CDATA[0]]>
              </value>
            </param>
            <param index="2">
              <value>
                <![CDATA[false]]>
              </value>
            </param>
            <param index="3">
              <value>
                <![CDATA[ADD [1,2,3] Answer: 6.0]]>
              </value>
            </param>
          </params>
        </test-method>
        <test-method status="PASS" signature="setUp()" name="setUp" is-config="true" duration-ms="0" started-at="2016-01-05T21:58:23Z" finished-at="2016-01-05T21:58:23Z">
        </test-method>
        <test-method status="PASS" signature="testGetComputation([Lcomputation.Computation;, int, boolean, java.lang.String)" name="testGetComputation" duration-ms="0" started-at="2016-01-05T21:58:23Z" finished-at="2016-01-05T21:58:23Z">
          <params>
            <param index="0">
              <value>
                <![CDATA[[Lcomputation.Computation;@4501b7af]]>
              </value>
            </param>
            <param index="1">
              <value>
                <![CDATA[2]]>
              </value>
            </param>
            <param index="2">
              <value>
                <![CDATA[false]]>
              </value>
            </param>
            <param index="3">
              <value>
                <![CDATA[MULT [1,2,3] Answer: 6.0]]>
              </value>
            </param>
          </params>
        </test-method>
        <test-method status="PASS" signature="tearDown()" name="tearDown" is-config="true" duration-ms="0" started-at="2016-01-05T21:58:23Z" finished-at="2016-01-05T21:58:23Z">
        </test-method>
        <test-method status="PASS" signature="testGetComputation([Lcomputation.Computation;, int, boolean, java.lang.String)" name="testGetComputation" duration-ms="0" started-at="2016-01-05T21:58:23Z" finished-at="2016-01-05T21:58:23Z">
          <params>
            <param index="0">
              <value>
                <![CDATA[[Lcomputation.Computation;@523884b2]]>
              </value>
            </param>
            <param index="1">
              <value>
                <![CDATA[3]]>
              </value>
            </param>
            <param index="2">
              <value>
                <![CDATA[false]]>
              </value>
            </param>
            <param index="3">
              <value>
                <![CDATA[DIV [1,2,4] Answer: 0.125]]>
              </value>
            </param>
          </params>
        </test-method>
        <test-method status="PASS" signature="testGetComputation([Lcomputation.Computation;, int, boolean, java.lang.String)" name="testGetComputation" duration-ms="0" started-at="2016-01-05T21:58:23Z" finished-at="2016-01-05T21:58:23Z">
          <params>
            <param index="0">
              <value>
                <![CDATA[[Lcomputation.Computation;@28d25987]]>
              </value>
            </param>
            <param index="1">
              <value>
                <![CDATA[1]]>
              </value>
            </param>
            <param index="2">
              <value>
                <![CDATA[false]]>
              </value>
            </param>
            <param index="3">
              <value>
                <![CDATA[SUB [1,2,3] Answer: -4.0]]>
              </value>
            </param>
          </params>
        </test-method>
        <test-method status="PASS" signature="tearDown()" name="tearDown" is-config="true" duration-ms="0" started-at="2016-01-05T21:58:23Z" finished-at="2016-01-05T21:58:23Z">
        </test-method>
        <test-method status="PASS" signature="setUp()" name="setUp" is-config="true" duration-ms="0" started-at="2016-01-05T21:58:23Z" finished-at="2016-01-05T21:58:23Z">
        </test-method>
        <test-method status="PASS" signature="setUp()" name="setUp" is-config="true" duration-ms="0" started-at="2016-01-05T21:58:23Z" finished-at="2016-01-05T21:58:23Z">
        </test-method>
        <test-method status="PASS" signature="tearDown()" name="tearDown" is-config="true" duration-ms="0" started-at="2016-01-05T21:58:23Z" finished-at="2016-01-05T21:58:23Z">
        </test-method>
        <test-method status="PASS" signature="setUp()" name="setUp" is-config="true" duration-ms="0" started-at="2016-01-05T21:58:23Z" finished-at="2016-01-05T21:58:23Z">
        </test-method>
        <test-method status="PASS" signature="tearDown()" name="tearDown" is-config="true" duration-ms="0" started-at="2016-01-05T21:58:23Z" finished-at="2016-01-05T21:58:23Z">
        </test-method>
        <test-method status="PASS" signature="setUp()" name="setUp" is-config="true" duration-ms="0" started-at="2016-01-05T21:58:23Z" finished-at="2016-01-05T21:58:23Z">
        </test-method>
        <test-method status="PASS" signature="testGetComputation([Lcomputation.Computation;, int, boolean, java.lang.String)" name="testGetComputation" duration-ms="0" started-at="2016-01-05T21:58:23Z" finished-at="2016-01-05T21:58:23Z">
          <params>
            <param index="0">
              <value>
                <![CDATA[[Lcomputation.Computation;@29774679]]>
              </value>
            </param>
            <param index="1">
              <value>
                <![CDATA[5]]>
              </value>
            </param>
            <param index="2">
              <value>
                <![CDATA[true]]>
              </value>
            </param>
            <param index="3">
              <value>
                <![CDATA[]]>
              </value>
            </param>
          </params>
        </test-method>
        <test-method status="PASS" signature="setUp()" name="setUp" is-config="true" duration-ms="0" started-at="2016-01-05T21:58:23Z" finished-at="2016-01-05T21:58:23Z">
        </test-method>
        <test-method status="PASS" signature="tearDown()" name="tearDown" is-config="true" duration-ms="0" started-at="2016-01-05T21:58:23Z" finished-at="2016-01-05T21:58:23Z">
        </test-method>
        <test-method status="PASS" signature="testGetComputation([Lcomputation.Computation;, int, boolean, java.lang.String)" name="testGetComputation" duration-ms="0" started-at="2016-01-05T21:58:23Z" finished-at="2016-01-05T21:58:23Z">
          <params>
            <param index="0">
              <value>
                <![CDATA[[Lcomputation.Computation;@5b275dab]]>
              </value>
            </param>
            <param index="1">
              <value>
                <![CDATA[4]]>
              </value>
            </param>
            <param index="2">
              <value>
                <![CDATA[false]]>
              </value>
            </param>
            <param index="3">
              <value>
                <![CDATA[SQR [2] Answer: 4.0]]>
              </value>
            </param>
          </params>
        </test-method>
        <test-method status="PASS" signature="testGetComputation([Lcomputation.Computation;, int, boolean, java.lang.String)" name="testGetComputation" duration-ms="0" started-at="2016-01-05T21:58:23Z" finished-at="2016-01-05T21:58:23Z">
          <params>
            <param index="0">
              <value>
                <![CDATA[[Lcomputation.Computation;@61832929]]>
              </value>
            </param>
            <param index="1">
              <value>
                <![CDATA[-1]]>
              </value>
            </param>
            <param index="2">
              <value>
                <![CDATA[true]]>
              </value>
            </param>
            <param index="3">
              <value>
                <![CDATA[]]>
              </value>
            </param>
          </params>
        </test-method>
        <test-method status="PASS" signature="tearDown()" name="tearDown" is-config="true" duration-ms="0" started-at="2016-01-05T21:58:23Z" finished-at="2016-01-05T21:58:23Z">
        </test-method>
        <test-method status="PASS" signature="setUp()" name="setUp" is-config="true" duration-ms="0" started-at="2016-01-05T21:58:23Z" finished-at="2016-01-05T21:58:23Z">
        </test-method>
        <test-method status="PASS" signature="tearDown()" name="tearDown" is-config="true" duration-ms="0" started-at="2016-01-05T21:58:23Z" finished-at="2016-01-05T21:58:23Z">
        </test-method>
        <test-method status="PASS" signature="setUp()" name="setUp" is-config="true" duration-ms="0" started-at="2016-01-05T21:58:23Z" finished-at="2016-01-05T21:58:23Z">
        </test-method>
        <test-method status="PASS" signature="testLog()" name="testLog" duration-ms="0" started-at="2016-01-05T21:58:23Z" finished-at="2016-01-05T21:58:23Z">
        </test-method>
        <test-method status="PASS" signature="setUp()" name="setUp" is-config="true" duration-ms="0" started-at="2016-01-05T21:58:23Z" finished-at="2016-01-05T21:58:23Z">
        </test-method>
        <test-method status="PASS" signature="setUp()" name="setUp" is-config="true" duration-ms="0" started-at="2016-01-05T21:58:23Z" finished-at="2016-01-05T21:58:23Z">
        </test-method>
        <test-method status="PASS" signature="testGetInstance()" name="testGetInstance" duration-ms="0" started-at="2016-01-05T21:58:23Z" finished-at="2016-01-05T21:58:23Z">
        </test-method>
        <test-method status="PASS" signature="tearDown()" name="tearDown" is-config="true" duration-ms="0" started-at="2016-01-05T21:58:23Z" finished-at="2016-01-05T21:58:23Z">
        </test-method>
        <test-method status="PASS" signature="tearDown()" name="tearDown" is-config="true" duration-ms="0" started-at="2016-01-05T21:58:23Z" finished-at="2016-01-05T21:58:23Z">
        </test-method>
        <test-method status="PASS" signature="testPrintMostRecentLog()" name="testPrintMostRecentLog" duration-ms="1" started-at="2016-01-05T21:58:23Z" finished-at="2016-01-05T21:58:23Z">
        </test-method>
        <test-method status="PASS" signature="tearDown()" name="tearDown" is-config="true" duration-ms="0" started-at="2016-01-05T21:58:23Z" finished-at="2016-01-05T21:58:23Z">
        </test-method>
        <test-method status="PASS" signature="setUp()" name="setUp" is-config="true" duration-ms="1" started-at="2016-01-05T21:58:23Z" finished-at="2016-01-05T21:58:23Z">
        </test-method>
        <test-method status="PASS" signature="tearDown()" name="tearDown" is-config="true" duration-ms="0" started-at="2016-01-05T21:58:23Z" finished-at="2016-01-05T21:58:23Z">
        </test-method>
        <test-method status="PASS" signature="setUp()" name="setUp" is-config="true" duration-ms="0" started-at="2016-01-05T21:58:23Z" finished-at="2016-01-05T21:58:23Z">
        </test-method>
        <test-method status="PASS" signature="testPrintNLogs(int, [Lcomputation.Computation;, java.lang.String)" name="testPrintNLogs" duration-ms="0" started-at="2016-01-05T21:58:23Z" finished-at="2016-01-05T21:58:23Z">
          <params>
            <param index="0">
              <value>
                <![CDATA[1]]>
              </value>
            </param>
            <param index="1">
              <value>
                <![CDATA[[Lcomputation.Computation;@3ffc5af1]]>
              </value>
            </param>
            <param index="2">
              <value>
                <![CDATA[No Logs to Display]]>
              </value>
            </param>
          </params>
        </test-method>
        <test-method status="PASS" signature="testPrintNLogs(int, [Lcomputation.Computation;, java.lang.String)" name="testPrintNLogs" duration-ms="0" started-at="2016-01-05T21:58:23Z" finished-at="2016-01-05T21:58:23Z">
          <params>
            <param index="0">
              <value>
                <![CDATA[1]]>
              </value>
            </param>
            <param index="1">
              <value>
                <![CDATA[[Lcomputation.Computation;@5e5792a0]]>
              </value>
            </param>
            <param index="2">
              <value>
                <![CDATA[SQR [2] Answer: 4.0]]>
              </value>
            </param>
          </params>
        </test-method>
        <test-method status="PASS" signature="setUp()" name="setUp" is-config="true" duration-ms="0" started-at="2016-01-05T21:58:23Z" finished-at="2016-01-05T21:58:23Z">
        </test-method>
        <test-method status="PASS" signature="tearDown()" name="tearDown" is-config="true" duration-ms="0" started-at="2016-01-05T21:58:23Z" finished-at="2016-01-05T21:58:23Z">
        </test-method>
        <test-method status="PASS" signature="testPrintNLogs(int, [Lcomputation.Computation;, java.lang.String)" name="testPrintNLogs" duration-ms="1" started-at="2016-01-05T21:58:23Z" finished-at="2016-01-05T21:58:23Z">
          <params>
            <param index="0">
              <value>
                <![CDATA[2]]>
              </value>
            </param>
            <param index="1">
              <value>
                <![CDATA[[Lcomputation.Computation;@26653222]]>
              </value>
            </param>
            <param index="2">
              <value>
                <![CDATA[DIV [1,2,4] Answer: 0.125SQR [2] Answer: 4.0]]>
              </value>
            </param>
          </params>
        </test-method>
        <test-method status="PASS" signature="testPrintNLogs(int, [Lcomputation.Computation;, java.lang.String)" name="testPrintNLogs" duration-ms="1" started-at="2016-01-05T21:58:23Z" finished-at="2016-01-05T21:58:23Z">
          <params>
            <param index="0">
              <value>
                <![CDATA[5]]>
              </value>
            </param>
            <param index="1">
              <value>
                <![CDATA[[Lcomputation.Computation;@ae45eb6]]>
              </value>
            </param>
            <param index="2">
              <value>
                <![CDATA[ADD [1,2,3] Answer: 6.0SUB [1,2,3] Answer: -4.0MULT [1,2,3] Answer: 6.0DIV [1,2,4] Answer: 0.125SQR [2] Answer: 4.0]]>
              </value>
            </param>
          </params>
        </test-method>
        <test-method status="PASS" signature="tearDown()" name="tearDown" is-config="true" duration-ms="0" started-at="2016-01-05T21:58:23Z" finished-at="2016-01-05T21:58:23Z">
        </test-method>
        <test-method status="PASS" signature="tearDown()" name="tearDown" is-config="true" duration-ms="0" started-at="2016-01-05T21:58:23Z" finished-at="2016-01-05T21:58:23Z">
        </test-method>
        <test-method status="PASS" signature="setUp()" name="setUp" is-config="true" duration-ms="0" started-at="2016-01-05T21:58:23Z" finished-at="2016-01-05T21:58:23Z">
        </test-method>
        <test-method status="PASS" signature="testPrintNLogs(int, [Lcomputation.Computation;, java.lang.String)" name="testPrintNLogs" duration-ms="0" started-at="2016-01-05T21:58:23Z" finished-at="2016-01-05T21:58:23Z">
          <params>
            <param index="0">
              <value>
                <![CDATA[3]]>
              </value>
            </param>
            <param index="1">
              <value>
                <![CDATA[[Lcomputation.Computation;@3532ec19]]>
              </value>
            </param>
            <param index="2">
              <value>
                <![CDATA[MULT [1,2,3] Answer: 6.0DIV [1,2,4] Answer: 0.125SQR [2] Answer: 4.0]]>
              </value>
            </param>
          </params>
        </test-method>
        <test-method status="PASS" signature="setUp()" name="setUp" is-config="true" duration-ms="0" started-at="2016-01-05T21:58:23Z" finished-at="2016-01-05T21:58:23Z">
        </test-method>
        <test-method status="PASS" signature="testPrintNLogs(int, [Lcomputation.Computation;, java.lang.String)" name="testPrintNLogs" duration-ms="0" started-at="2016-01-05T21:58:23Z" finished-at="2016-01-05T21:58:23Z">
          <params>
            <param index="0">
              <value>
                <![CDATA[4]]>
              </value>
            </param>
            <param index="1">
              <value>
                <![CDATA[[Lcomputation.Computation;@68c4039c]]>
              </value>
            </param>
            <param index="2">
              <value>
                <![CDATA[SUB [1,2,3] Answer: -4.0MULT [1,2,3] Answer: 6.0DIV [1,2,4] Answer: 0.125SQR [2] Answer: 4.0]]>
              </value>
            </param>
          </params>
        </test-method>
        <test-method status="PASS" signature="tearDown()" name="tearDown" is-config="true" duration-ms="0" started-at="2016-01-05T21:58:23Z" finished-at="2016-01-05T21:58:23Z">
        </test-method>
        <test-method status="PASS" signature="setUp()" name="setUp" is-config="true" duration-ms="0" started-at="2016-01-05T21:58:23Z" finished-at="2016-01-05T21:58:23Z">
        </test-method>
        <test-method status="PASS" signature="tearDown()" name="tearDown" is-config="true" duration-ms="0" started-at="2016-01-05T21:58:23Z" finished-at="2016-01-05T21:58:23Z">
        </test-method>
        <test-method status="PASS" signature="tearDown()" name="tearDown" is-config="true" duration-ms="0" started-at="2016-01-05T21:58:23Z" finished-at="2016-01-05T21:58:23Z">
        </test-method>
        <test-method status="PASS" signature="testPrintNLogs(int, [Lcomputation.Computation;, java.lang.String)" name="testPrintNLogs" duration-ms="0" started-at="2016-01-05T21:58:23Z" finished-at="2016-01-05T21:58:23Z">
          <params>
            <param index="0">
              <value>
                <![CDATA[6]]>
              </value>
            </param>
            <param index="1">
              <value>
                <![CDATA[[Lcomputation.Computation;@59f99ea]]>
              </value>
            </param>
            <param index="2">
              <value>
                <![CDATA[ADD [1,2,3] Answer: 6.0SUB [1,2,3] Answer: -4.0MULT [1,2,3] Answer: 6.0DIV [1,2,4] Answer: 0.125SQR [2] Answer: 4.0]]>
              </value>
            </param>
          </params>
        </test-method>
        <test-method status="PASS" signature="setUp()" name="setUp" is-config="true" duration-ms="0" started-at="2016-01-05T21:58:23Z" finished-at="2016-01-05T21:58:23Z">
        </test-method>
        <test-method status="PASS" signature="tearDown()" name="tearDown" is-config="true" duration-ms="0" started-at="2016-01-05T21:58:23Z" finished-at="2016-01-05T21:58:23Z">
        </test-method>
        <test-method status="PASS" signature="testPrintNLogs(int, [Lcomputation.Computation;, java.lang.String)" name="testPrintNLogs" duration-ms="0" started-at="2016-01-05T21:58:23Z" finished-at="2016-01-05T21:58:23Z">
          <params>
            <param index="0">
              <value>
                <![CDATA[0]]>
              </value>
            </param>
            <param index="1">
              <value>
                <![CDATA[[Lcomputation.Computation;@27efef64]]>
              </value>
            </param>
            <param index="2">
              <value>
                <![CDATA[Unable to print log: Please request at least one log]]>
              </value>
            </param>
          </params>
        </test-method>
        <test-method status="PASS" signature="setUp()" name="setUp" is-config="true" duration-ms="0" started-at="2016-01-05T21:58:23Z" finished-at="2016-01-05T21:58:23Z">
        </test-method>
      </class>
    </test>
  </suite>
</testng-results>
