<?xml version="1.0" encoding="UTF-8" ?>
<testsuite tests="68" failures="1" name="TestSuite" time="0.018" errors="0" skipped="0">
  <properties>
[...]
</properties>
  <testcase classname="calculator.CalculatorTest" name="testBadCommand" time="0.004"/>
  <testcase classname="calculator.CalculatorTest" name="testExit" time="0"/>
  <testcase classname="calculator.CalculatorTest" name="testNonInteger" time="0.001"/>
  <testcase classname="calculator.CalculatorTest" name="testNonIntegerSubstitution" time="0.001"/>
  <testcase classname="calculator.CalculatorTest" name="testStandardOperations" time="0"/>
  <testcase classname="calculator.CalculatorTest" name="testStandardOperations" time="0"/>
  <testcase classname="calculator.CalculatorTest" name="testStandardOperations" time="0.001"/>
  <testcase classname="calculator.CalculatorTest" name="testStandardOperations" time="0"/>
  <testcase classname="calculator.CalculatorTest" name="testStandardOperations" time="0"/>
  <testcase classname="calculator.CalculatorTest" name="testStandardOperations" time="0.004">
    <failure message="expected:&lt;ADD [1.0, 2.0, 3.0] Answer: 6.0
SUB [3.0, 2.0, 1.0] Answer: 0.0
MULT [3.0, 2.0, 2.0] Answer: 12.0
DIV [6.0, 2.0, 3.0] Answer: 1.0
SQR [4.0] Answer: 16.0&gt; but was:&lt;SUB [2.0] Answer: 2.0
ADD [1.0, 2.0] Answer: 3.0
SUB [2.0] Answer: 2.0
ADD [1.0, 2.0, 3.0] Answer: 6.0
SUB [3.0, 2.0, 1.0] Answer: 0.0
MULT [3.0, 2.0, 2.0] Answer: 12.0
DIV [6.0, 2.0, 3.0] Answer: 1.0
SQR [4.0] Answer: 16.0&gt;" type="java.lang.AssertionError">java.lang.AssertionError: expected:&lt;ADD [1.0, 2.0, 3.0] Answer: 6.0
SUB [3.0, 2.0, 1.0] Answer: 0.0
MULT [3.0, 2.0, 2.0] Answer: 12.0
DIV [6.0, 2.0, 3.0] Answer: 1.0
SQR [4.0] Answer: 16.0&gt; but was:&lt;SUB [2.0] Answer: 2.0
ADD [1.0, 2.0] Answer: 3.0
SUB [2.0] Answer: 2.0
ADD [1.0, 2.0, 3.0] Answer: 6.0
SUB [3.0, 2.0, 1.0] Answer: 0.0
MULT [3.0, 2.0, 2.0] Answer: 12.0
DIV [6.0, 2.0, 3.0] Answer: 1.0
SQR [4.0] Answer: 16.0&gt;
	at org.testng.Assert.fail(Assert.java:89)
	at org.testng.Assert.failNotEquals(Assert.java:489)
	at org.testng.Assert.assertEquals(Assert.java:118)
	at org.testng.Assert.assertEquals(Assert.java:171)
	at org.testng.Assert.assertEquals(Assert.java:181)
	at calculator.CalculatorTest.testStandardOperations(CalculatorTest.java:93)
</failure>
  </testcase>
  <testcase classname="calculator.CalculatorTest" name="testSubstitutionOperations" time="0"/>
  <testcase classname="computation.ComputationTest" name="testComputationString" time="0"/>
  <testcase classname="computation.ComputationTest" name="testConstructor" time="0"/>
  <testcase classname="computation.ComputationTest" name="testConstructor" time="0"/>
  <testcase classname="computation.ComputationTest" name="testConstructor" time="0.001"/>
  <testcase classname="computation.ComputationTest" name="testConstructor" time="0"/>
  <testcase classname="computation.ComputationTest" name="testConstructor" time="0"/>
  <testcase classname="computation.ComputationTest" name="testGetName" time="0"/>
  <testcase classname="computation.ComputationTest" name="testGetNumberList" time="0"/>
  <testcase classname="computation.ComputationTest" name="testGetResult" time="0"/>
  <testcase classname="logger.LoggerTest" name="testClearLogHistory" time="0"/>
  <testcase classname="logger.LoggerTest" name="testGetComputation" time="0"/>
  <testcase classname="logger.LoggerTest" name="testGetComputation" time="0"/>
  <testcase classname="logger.LoggerTest" name="testGetComputation" time="0"/>
  <testcase classname="logger.LoggerTest" name="testGetComputation" time="0.001"/>
  <testcase classname="logger.LoggerTest" name="testGetComputation" time="0"/>
  <testcase classname="logger.LoggerTest" name="testGetComputation" time="0"/>
  <testcase classname="logger.LoggerTest" name="testGetComputation" time="0"/>
  <testcase classname="logger.LoggerTest" name="testGetComputation" time="0"/>
  <testcase classname="logger.LoggerTest" name="testGetComputation" time="0"/>
  <testcase classname="logger.LoggerTest" name="testGetComputation" time="0"/>
  <testcase classname="logger.LoggerTest" name="testGetInstance" time="0"/>
  <testcase classname="logger.LoggerTest" name="testLog" time="0"/>
  <testcase classname="logger.LoggerTest" name="testPrintMostRecentLog" time="0"/>
  <testcase classname="logger.LoggerTest" name="testPrintNLogs" time="0"/>
  <testcase classname="logger.LoggerTest" name="testPrintNLogs" time="0"/>
  <testcase classname="logger.LoggerTest" name="testPrintNLogs" time="0.001"/>
  <testcase classname="logger.LoggerTest" name="testPrintNLogs" time="0"/>
  <testcase classname="logger.LoggerTest" name="testPrintNLogs" time="0"/>
  <testcase classname="logger.LoggerTest" name="testPrintNLogs" time="0.001"/>
  <testcase classname="logger.LoggerTest" name="testPrintNLogs" time="0"/>
  <testcase classname="logger.LoggerTest" name="testPrintNLogs" time="0"/>
  <testcase classname="operation.AddOperationTest" name="testAddBoth" time="0"/>
  <testcase classname="operation.AddOperationTest" name="testAddNegatives" time="0"/>
  <testcase classname="operation.AddOperationTest" name="testAddPositives" time="0"/>
  <testcase classname="operation.AddOperationTest" name="testEmptyNumberList" time="0"/>
  <testcase classname="operation.AddOperationTest" name="testNullList" time="0"/>
  <testcase classname="operation.AddOperationTest" name="testValueSize" time="0"/>
  <testcase classname="operation.DivOperationTest" name="testDivideBoth" time="0"/>
  <testcase classname="operation.DivOperationTest" name="testDivideNegatives" time="0"/>
  <testcase classname="operation.DivOperationTest" name="testDividePositives" time="0"/>
  <testcase classname="operation.DivOperationTest" name="testEmptyList" time="0"/>
  <testcase classname="operation.DivOperationTest" name="testValueSize" time="0.001"/>
  <testcase classname="operation.MultOperationTest" name="testEmptyList" time="0"/>
  <testcase classname="operation.MultOperationTest" name="testMultiplyBoth" time="0"/>
  <testcase classname="operation.MultOperationTest" name="testMultiplyNegative" time="0.001"/>
  <testcase classname="operation.MultOperationTest" name="testMultiplyPositive" time="0"/>
  <testcase classname="operation.MultOperationTest" name="testValueSize" time="0"/>
  <testcase classname="operation.SqrOperationTest" name="testEmptyList" time="0"/>
  <testcase classname="operation.SqrOperationTest" name="testMoreThanOneElementList" time="0"/>
  <testcase classname="operation.SqrOperationTest" name="testNegativeNumbers" time="0"/>
  <testcase classname="operation.SqrOperationTest" name="testPositiveNumbers" time="0"/>
  <testcase classname="operation.SqrOperationTest" name="testValueSize" time="0"/>
  <testcase classname="operation.SubOperationTest" name="testBoth" time="0"/>
  <testcase classname="operation.SubOperationTest" name="testEmptyList" time="0"/>
  <testcase classname="operation.SubOperationTest" name="testNegativeNumbers" time="0.001"/>
  <testcase classname="operation.SubOperationTest" name="testPositiveNumbers" time="0"/>
  <testcase classname="operation.SubOperationTest" name="testValueSize" time="0"/>
</testsuite>